<?xml version="1.0" encoding="UTF-8"?>
<testsuite name="HelloWorldTest" tests="1" skipped="0" failures="0" errors="0" timestamp="2019-12-09T16:40:20" hostname="zedjones-laptop" time="0.023">
  <properties/>
  <testcase name="helloWorldTest" classname="HelloWorldTest" time="0.023"/>
  <system-out><![CDATA[]]></system-out>
  <system-err><![CDATA[]]></system-err>
</testsuite>
